<?xml version="1.0" encoding="UTF-8"?>
<!-- Generated by org.testng.reporters.JUnitXMLReporter -->
<testsuite hostname="MUM15119CPU2027" ignored="0" name="portalApp" tests="3" failures="0" timestamp="25 Sep 2023 04:21:06 GMT" time="4.366" errors="0">
  <testcase name="@BeforeClass setup" time="3.42" classname="com.nmims.selenium.studentportal.baseClass.BasClass">
    <failure type="org.openqa.selenium.SessionNotCreatedException" message="session not created: This version of ChromeDriver only supports Chrome version 114
Current browser version is 116.0.5845.188 with binary path C:\Program Files\Google\Chrome\Application\chrome.exe
Build info: version: &amp;apos;3.14.0&amp;apos;, revision: &amp;apos;aacccce0&amp;apos;, time: &amp;apos;2018-08-02T20:19:58.91Z&amp;apos;
System info: host: &amp;apos;MUM15119CPU2027&amp;apos;, ip: &amp;apos;10.106.107.78&amp;apos;, os.name: &amp;apos;Windows 10&amp;apos;, os.arch: &amp;apos;amd64&amp;apos;, os.version: &amp;apos;10.0&amp;apos;, java.version: &amp;apos;1.8.0_121&amp;apos;
Driver info: driver.version: ChromeDriver
remote stacktrace: Backtrace:
	GetHandleVerifier [0x011AA813+48355]
	(No symbol) [0x0113C4B1]
	(No symbol) [0x01045358]
	(No symbol) [0x010661AC]
	(No symbol) [0x01061EF3]
	(No symbol) [0x01060579]
	(No symbol) [0x01090C55]
	(No symbol) [0x0109093C]
	(No symbol) [0x0108A536]
	(No symbol) [0x010682DC]
	(No symbol) [0x010693DD]
	GetHandleVerifier [0x0140AABD+2539405]
	GetHandleVerifier [0x0144A78F+2800735]
	GetHandleVerifier [0x0144456C+2775612]
	GetHandleVerifier [0x012351E0+616112]
	(No symbol) [0x01145F8C]
	(No symbol) [0x01142328]
	(No symbol) [0x0114240B]
	(No symbol) [0x01134FF7]
	BaseThreadInitThunk [0x76F3FA29+25]
	RtlGetAppContainerNamedObjectPath [0x77BC7A7E+286]
	RtlGetAppContainerNamedObjectPath [0x77BC7A4E+238]
">
      <![CDATA[org.openqa.selenium.SessionNotCreatedException: session not created: This version of ChromeDriver only supports Chrome version 114
Current browser version is 116.0.5845.188 with binary path C:\Program Files\Google\Chrome\Application\chrome.exe
Build info: version: '3.14.0', revision: 'aacccce0', time: '2018-08-02T20:19:58.91Z'
System info: host: 'MUM15119CPU2027', ip: '10.106.107.78', os.name: 'Windows 10', os.arch: 'amd64', os.version: '10.0', java.version: '1.8.0_121'
Driver info: driver.version: ChromeDriver
remote stacktrace: Backtrace:
GetHandleVerifier [0x011AA813+48355]
(No symbol) [0x0113C4B1]
(No symbol) [0x01045358]
(No symbol) [0x010661AC]
(No symbol) [0x01061EF3]
(No symbol) [0x01060579]
(No symbol) [0x01090C55]
(No symbol) [0x0109093C]
(No symbol) [0x0108A536]
(No symbol) [0x010682DC]
(No symbol) [0x010693DD]
GetHandleVerifier [0x0140AABD+2539405]
GetHandleVerifier [0x0144A78F+2800735]
GetHandleVerifier [0x0144456C+2775612]
GetHandleVerifier [0x012351E0+616112]
(No symbol) [0x01145F8C]
(No symbol) [0x01142328]
(No symbol) [0x0114240B]
(No symbol) [0x01134FF7]
BaseThreadInitThunk [0x76F3FA29+25]
RtlGetAppContainerNamedObjectPath [0x77BC7A7E+286]
RtlGetAppContainerNamedObjectPath [0x77BC7A4E+238]

at org.openqa.selenium.remote.W3CHandshakeResponse.lambda$new$0(W3CHandshakeResponse.java:57)
at org.openqa.selenium.remote.W3CHandshakeResponse.lambda$getResponseFunction$2(W3CHandshakeResponse.java:104)
at org.openqa.selenium.remote.ProtocolHandshake.lambda$createSession$0(ProtocolHandshake.java:122)
at java.util.stream.ReferencePipeline$3$1.accept(ReferencePipeline.java:193)
at java.util.Spliterators$ArraySpliterator.tryAdvance(Spliterators.java:958)
at java.util.stream.ReferencePipeline.forEachWithCancel(ReferencePipeline.java:126)
at java.util.stream.AbstractPipeline.copyIntoWithCancel(AbstractPipeline.java:498)
at java.util.stream.AbstractPipeline.copyInto(AbstractPipeline.java:485)
at java.util.stream.AbstractPipeline.wrapAndCopyInto(AbstractPipeline.java:471)
at java.util.stream.FindOps$FindOp.evaluateSequential(FindOps.java:152)
at java.util.stream.AbstractPipeline.evaluate(AbstractPipeline.java:234)
at java.util.stream.ReferencePipeline.findFirst(ReferencePipeline.java:464)
at org.openqa.selenium.remote.ProtocolHandshake.createSession(ProtocolHandshake.java:125)
at org.openqa.selenium.remote.ProtocolHandshake.createSession(ProtocolHandshake.java:73)
at org.openqa.selenium.remote.HttpCommandExecutor.execute(HttpCommandExecutor.java:136)
at org.openqa.selenium.remote.service.DriverCommandExecutor.execute(DriverCommandExecutor.java:83)
at org.openqa.selenium.remote.RemoteWebDriver.execute(RemoteWebDriver.java:548)
at org.openqa.selenium.remote.RemoteWebDriver.startSession(RemoteWebDriver.java:212)
at org.openqa.selenium.remote.RemoteWebDriver.<init>(RemoteWebDriver.java:130)
at org.openqa.selenium.chrome.ChromeDriver.<init>(ChromeDriver.java:181)
at org.openqa.selenium.chrome.ChromeDriver.<init>(ChromeDriver.java:168)
at org.openqa.selenium.chrome.ChromeDriver.<init>(ChromeDriver.java:123)
at com.nmims.selenium.studentportal.baseClass.BasClass.setup(BasClass.java:48)
at com.nmims.selenium.studentportal.testRunner.TestRunner.runTests(TestRunner.java:61)
at com.nmims.selenium.studentportal.testRunner.TestRunner.access$0(TestRunner.java:45)
at com.nmims.selenium.studentportal.testRunner.TestRunner$1.actionPerformed(TestRunner.java:40)
at javax.swing.AbstractButton.fireActionPerformed(AbstractButton.java:2022)
at javax.swing.AbstractButton$Handler.actionPerformed(AbstractButton.java:2348)
at javax.swing.DefaultButtonModel.fireActionPerformed(DefaultButtonModel.java:402)
at javax.swing.DefaultButtonModel.setPressed(DefaultButtonModel.java:259)
at javax.swing.plaf.basic.BasicButtonListener.mouseReleased(BasicButtonListener.java:252)
at java.awt.Component.processMouseEvent(Component.java:6533)
at javax.swing.JComponent.processMouseEvent(JComponent.java:3324)
at java.awt.Component.processEvent(Component.java:6298)
at java.awt.Container.processEvent(Container.java:2236)
at java.awt.Component.dispatchEventImpl(Component.java:4889)
at java.awt.Container.dispatchEventImpl(Container.java:2294)
at java.awt.Component.dispatchEvent(Component.java:4711)
at java.awt.LightweightDispatcher.retargetMouseEvent(Container.java:4888)
at java.awt.LightweightDispatcher.processMouseEvent(Container.java:4525)
at java.awt.LightweightDispatcher.dispatchEvent(Container.java:4466)
at java.awt.Container.dispatchEventImpl(Container.java:2280)
at java.awt.Window.dispatchEventImpl(Window.java:2746)
at java.awt.Component.dispatchEvent(Component.java:4711)
at java.awt.EventQueue.dispatchEventImpl(EventQueue.java:758)
at java.awt.EventQueue.access$500(EventQueue.java:97)
at java.awt.EventQueue$3.run(EventQueue.java:709)
at java.awt.EventQueue$3.run(EventQueue.java:703)
at java.security.AccessController.doPrivileged(Native Method)
at java.security.ProtectionDomain$JavaSecurityAccessImpl.doIntersectionPrivilege(ProtectionDomain.java:80)
at java.security.ProtectionDomain$JavaSecurityAccessImpl.doIntersectionPrivilege(ProtectionDomain.java:90)
at java.awt.EventQueue$4.run(EventQueue.java:731)
at java.awt.EventQueue$4.run(EventQueue.java:729)
at java.security.AccessController.doPrivileged(Native Method)
at java.security.ProtectionDomain$JavaSecurityAccessImpl.doIntersectionPrivilege(ProtectionDomain.java:80)
at java.awt.EventQueue.dispatchEvent(EventQueue.java:728)
at java.awt.EventDispatchThread.pumpOneEventForFilters(EventDispatchThread.java:201)
at java.awt.EventDispatchThread.pumpEventsForFilter(EventDispatchThread.java:116)
at java.awt.EventDispatchThread.pumpEventsForHierarchy(EventDispatchThread.java:105)
at java.awt.EventDispatchThread.pumpEvents(EventDispatchThread.java:101)
at java.awt.EventDispatchThread.pumpEvents(EventDispatchThread.java:93)
at java.awt.EventDispatchThread.run(EventDispatchThread.java:82)
... Removed 27 stack frames]]>
    </failure>
  </testcase> <!-- @BeforeClass setup -->
  <testcase name="@AfterClass tearDown" time="0.0" classname="com.nmims.selenium.studentportal.baseClass.BasClass">
    <skipped/>
  </testcase> <!-- @AfterClass tearDown -->
  <testcase name="loginTest" time="0.0" classname="com.nmims.selenium.studentportal.testutil.LoginTestutil">
    <skipped/>
  </testcase> <!-- loginTest -->
  <testcase name="loginTest" time="0.0" classname="com.nmims.selenium.studentportal.testutil.LoginTestutil">
    <skipped/>
  </testcase> <!-- loginTest -->
  <testcase name="logoutTest" time="0.0" classname="com.nmims.selenium.studentportal.testCase.TC_LoginTest_00001">
    <skipped/>
  </testcase> <!-- logoutTest -->
</testsuite> <!-- portalApp -->
