<?xml version="1.0" encoding="UTF-8"?>
<!-- Generated by org.testng.reporters.JUnitXMLReporter -->
<testsuite ignored="0" hostname="DESKTOP-HKLU73H" failures="1" tests="2" name="portalApp" time="41.963" errors="0" timestamp="04 Sep 2023 17:03:57 GMT">
  <testcase classname="com.selenium.studentportal.testCase.TC_LoginTest_00001" name="loginTest" time="28.643"/>
  <testcase classname="com.selenium.studentportal.testCase.TC_LoginTest_00001" name="loginTest" time="5.697">
    <failure type="java.lang.NullPointerException">
      <![CDATA[java.lang.NullPointerException
at org.openqa.selenium.support.pagefactory.internal.LocatingElementHandler.invoke(LocatingElementHandler.java:51)
at com.sun.proxy.$Proxy16.getText(Unknown Source)
at com.selenium.studentportal.action.LoginPageAction.verifyTitle(LoginPageAction.java:18)
at com.selenium.studentportal.testCase.TC_LoginTest_00001.loginTest(TC_LoginTest_00001.java:58)
... Removed 26 stack frames]]>
    </failure>
  </testcase> <!-- loginTest -->
</testsuite> <!-- portalApp -->
