<?xml version="1.0" encoding="UTF-8"?>
<testsuite name="TestSuite" time="21.539" tests="1" errors="0" skipped="0" failures="1">
  <properties>
[...]
</properties>
  <testcase name="studentDetailsTest" classname="com.nmims.selenium.studentportal.testCase.TC_StudenBasicInfo_00004" time="21.539">
    <failure message="Lists differ at element [0]: ashishkr.kumar18@gmail.com != Shiv.Golani.Ext@nmims.edu expected [ashishkr.kumar18@gmail.com] but found [Shiv.Golani.Ext@nmims.edu]" type="java.lang.AssertionError">java.lang.AssertionError: Lists differ at element [0]: ashishkr.kumar18@gmail.com != Shiv.Golani.Ext@nmims.edu expected [ashishkr.kumar18@gmail.com] but found [Shiv.Golani.Ext@nmims.edu]
	at org.testng.Assert.fail(Assert.java:96)
	at org.testng.Assert.failNotEquals(Assert.java:776)
	at org.testng.Assert.assertEqualsImpl(Assert.java:137)
	at org.testng.Assert.assertEquals(Assert.java:831)
	at org.testng.Assert.assertEquals(Assert.java:796)
	at com.nmims.selenium.studentportal.testCase.TC_StudenBasicInfo_00004.studentDetailsTest(TC_StudenBasicInfo_00004.java:99)
</failure>
    <system-out><![CDATA[...
... TestNG 6.14.3 by Cédric Beust (cedric@beust.com)
...

 INFO [main] (TC_StudenBasicInfo_00004.java:38)- Entered the UserId
 INFO [main] (TC_StudenBasicInfo_00004.java:41)- Entered the password
 INFO [main] (TC_StudenBasicInfo_00004.java:44)- Click on the login button 
studentNameOnUI ASHISH KUMAR
 INFO [main] (TC_StudenBasicInfo_00004.java:52)-  Readed student Actual Name ASHISH KUMAR
 INFO [main] (TC_StudenBasicInfo_00004.java:55)- ActualsingleStudentDetailsStudentBean [lastName=Kumar,
 firstName=Ashish,
 middleName=,
 fatherName=Shashi,
 husbandName=null,
 motherName=Rashmi,
 gender=Male,
 program=PGDITSM,
 enrollmentMonth=Jul,
 enrollmentYear=2018,
 emailId=ashishkr.kumar18@gmail.com,
 mobile=8015253052,
 altPhone=09066699180,
 dob=1992-03-18,
 address=S/O Shashi Bhushan Singh, .,Village and Post Mahna,851210,Begusarai,
 houseNoName=S/O Shashi Bhushan Singh,
 street=Village and Post Mahna,
 locality=.,
 city=Begusarai,
 state=Bihar,
 country=India,
 shippingAddress=null,
 designation=,
 industry=,
 pin=851210,
 centerCode=a022j000003aeOG,
 centerName=Bangalore - Kormangala - Sony World Signal,
 validityEndMonth=Sep,
 validityEndYear=2023,
 errorMessage=null,
 errorRecord=false,
 landMark=Opposite Sahara office,
 errorFlag=null,
 age=26,
 highestQualification=Bachelor Degree,
 detailsConfirmedByStudent=Y,
 subjectsCount=null,
 registrationNum=null,
 consumerProgramStructureId=65]
 INFO [main] (TC_StudenBasicInfo_00004.java:63)- studentExpectedName ASHISH KUMAR
 INFO [main] (TC_StudenBasicInfo_00004.java:68)- Student Name is matched
 INFO [main] (TC_StudenBasicInfo_00004.java:86)- Data Displyed on header [ashishkr.kumar18@gmail.com, 8015253052, PGDITSM, 77118915395, Validity End: 30-Sep-2023]
 INFO [main] (TC_StudenBasicInfo_00004.java:90)- Excel data [Shiv.Golani.Ext@nmims.edu, 8287324844, MBA (FM), 77777777775, Validity End: 31-Dec-2025]
 INFO [main] (TC_StudenBasicInfo_00004.java:97)- Student data is not matched from the Excel
Screenshot taken
]]></system-out>
    <system-err><![CDATA[log4j:WARN No appenders could be found for logger (org.springframework.core.env.StandardEnvironment).
log4j:WARN Please initialize the log4j system properly.
log4j:WARN See http://logging.apache.org/log4j/1.2/faq.html#noconfig for more info.
Loading class `com.mysql.jdbc.Driver'. This is deprecated. The new driver class is `com.mysql.cj.jdbc.Driver'. The driver is automatically registered via the SPI and manual loading of the driver class is generally unnecessary.
Starting ChromeDriver 114.0.5735.90 (386bc09e8f4f2e025eddae123f36f6263096ae49-refs/branch-heads/5735@{#1052}) on port 47858
Only local connections are allowed.
Please see https://chromedriver.chromium.org/security-considerations for suggestions on keeping ChromeDriver safe.
ChromeDriver was started successfully.
Sep 24, 2023 7:08:29 PM org.openqa.selenium.remote.ProtocolHandshake createSession
INFO: Detected dialect: W3C
]]></system-err>
  </testcase>
</testsuite>