<?xml version="1.0" encoding="UTF-8"?>
<testsuite xmlns:xsi="http://www.w3.org/2001/XMLSchema-instance" xsi:noNamespaceSchemaLocation="https://maven.apache.org/surefire/maven-surefire-plugin/xsd/surefire-test-report-3.0.xsd" version="3.0" name="TestSuite" time="49.64" tests="1" errors="0" skipped="0" failures="0">
  <properties>
[...]
</properties>
  <testcase name="ApplicableSubjectTest" classname="com.nmims.selenium.studentportal.testCase.TC_Subjects_00006" time="45.019">
    <system-out><![CDATA[...
... TestNG 6.14.3 by Cédric Beust (cedric@beust.com)
...

 INFO [main] (BaseClass.java:102)- Size of the cookies : 1
 INFO [main] (BaseClass.java:107)- Cookie Name  cookiesession1 Cookie Value  678B2867F4B3D4C91C43A2D7B656389B
 INFO [main] (Login.java:22)- page header title is WELCOME TO NGASCE STUDENT ZONE
 INFO [main] (Login.java:25)- page title is Welcome to Student Portal
 INFO [main] (Login.java:30)- Login page title is match
 Inside setUserName 77122558691
 INFO [main] (LoginPageObjectMethod.java:66)- Entered the UserId
 INFO [main] (LoginPageObjectMethod.java:68)- Entered the password
 INFO [main] (LoginPageObjectMethod.java:70)- Click on the login button 
 INFO [main] (TC_Subjects_00006.java:50)- Successfully verify login
 INFO [main] (SideBarMenuTest.java:34)- Start to validate side-bar menue
 INFO [main] (TC_Subjects_00006.java:55)- Validate the side-bar menu
 INFO [main] (TC_Subjects_00006.java:65)- Student registration year and month 2023-Jul
 INFO [main] (TC_Subjects_00006.java:72)- Check the Acad Year or Month 2023-Jul
 INFO [main] (TC_Subjects_00006.java:81)- suject visible on the UI[IT Project Management, IT Infrastructure Management, Fundamentals of Big Data & Business Analytics, Emerging Technologies: IoT, Augmented Reality, Virtual Reality, E-Business, Cloud Computing]
 INFO [main] (TC_Subjects_00006.java:86)- Get student sem and consumerProgramStructureId
 INFO [main] (TC_Subjects_00006.java:90)- applicableCurrentSubject [Cloud Computing, E-Business, Emerging Technologies: IoT, Augmented Reality, Virtual Reality, Fundamentals of Big Data & Business Analytics, IT Infrastructure Management, IT Project Management]
 INFO [main] (TC_Subjects_00006.java:101)- Ongoing Subject is matched from the UI
 INFO [main] (TC_Subjects_00006.java:111)- Backlog SubjectList From the UI 
 INFO [main] (TC_Subjects_00006.java:114)- []
 INFO [main] (TC_Subjects_00006.java:116)- Expected Backlog Subject List  
 INFO [main] (TC_Subjects_00006.java:123)- [Business Economics, Financial Accounting & Analysis, Business Communication, Business Law, Decision Science, Essentials of HRM, Operations Management, Strategic Management]
 INFO [main] (TC_Subjects_00006.java:146)- Backlog Subjects matched [Business Economics, Financial Accounting & Analysis, Business Communication, Business Law, Decision Science, Essentials of HRM, Operations Management, Strategic Management]
]]></system-out>
    <system-err><![CDATA[SLF4J: No SLF4J providers were found.
SLF4J: Defaulting to no-operation (NOP) logger implementation
SLF4J: See https://www.slf4j.org/codes.html#noProviders for further details.
Loading class `com.mysql.jdbc.Driver'. This is deprecated. The new driver class is `com.mysql.cj.jdbc.Driver'. The driver is automatically registered via the SPI and manual loading of the driver class is generally unnecessary.
Starting ChromeDriver 120.0.6099.109 (3419140ab665596f21b385ce136419fde0924272-refs/branch-heads/6099@{#1483}) on port 41617
Only local connections are allowed.
Please see https://chromedriver.chromium.org/security-considerations for suggestions on keeping ChromeDriver safe.
ChromeDriver was started successfully.
Jan 04, 2024 12:56:32 PM org.openqa.selenium.remote.ProtocolHandshake createSession
INFO: Detected dialect: W3C
]]></system-err>
  </testcase>
</testsuite>