<?xml version="1.0" encoding="UTF-8"?>
<testsuite name="TestSuite" time="9.559" tests="1" errors="0" skipped="0" failures="1">
  <properties>
[...]
</properties>
  <testcase name="studentDetailsTest" classname="com.nmims.selenium.studentportal.testCase.TC_StudenBasicInfo_00004" time="9.559">
    <failure type="java.lang.NullPointerException:">java.lang.NullPointerException: null
	at com.nmims.selenium.studentportal.testCase.TC_StudenBasicInfo_00004.studentDetailsTest(TC_StudenBasicInfo_00004.java:108)
</failure>
    <system-out><![CDATA[...
... TestNG 6.14.3 by Cédric Beust (cedric@beust.com)
...

 INFO [main] (BaseClass.java:101)- Size of the cookies : 1
 INFO [main] (BaseClass.java:106)- Cookie Name  cookiesession1 Cookie Value  678B28673821685ED055B39DCC44A198
 INFO [main] (Login.java:22)- page header title is WELCOME TO NGASCE STUDENT ZONE
 INFO [main] (Login.java:25)- page title is Welcome to Student Portal
 INFO [main] (Login.java:30)- Login page title is match
 Inside setUserName 77118576036
 INFO [main] (LoginPageObjectMethod.java:66)- Entered the UserId
 INFO [main] (LoginPageObjectMethod.java:68)- Entered the password
 INFO [main] (LoginPageObjectMethod.java:70)- Click on the login button 
 INFO [main] (TC_StudenBasicInfo_00004.java:50)- Successful login test 
 INFO [main] (SideBarMenuTest.java:34)- Start to validate side-bar menue
 INFO [main] (TC_StudenBasicInfo_00004.java:55)- Validate the side-bar menu
studentNameOnUI VIKAS KUMAR
 INFO [main] (TC_StudenBasicInfo_00004.java:61)-  Readed student Actual Name 
 INFO [main] (TC_StudenBasicInfo_00004.java:64)- Actual Student Details VIKAS KUMAR
 INFO [main] (TC_StudenBasicInfo_00004.java:72)- Expected student Name VIKAS KUMAR
 INFO [main] (TC_StudenBasicInfo_00004.java:77)- Student Name is matched
 INFO [main] (TC_StudenBasicInfo_00004.java:95)- Data Displyed on header [vickynehra00@gmail.com, 9996662977, PGDMM, 77118576036, Validity End: 31-Dec-2023]
 INFO [main] (TC_StudenBasicInfo_00004.java:100)- Excel data [Shiv.Golani.Ext@nmims.edu, 8287324844, MBA (FM), 77777777775, Validity End: 31-Dec-2025]
 INFO [main] (TC_StudenBasicInfo_00004.java:107)- Student data is not matched from the Excel
]]></system-out>
    <system-err><![CDATA[SLF4J: No SLF4J providers were found.
SLF4J: Defaulting to no-operation (NOP) logger implementation
SLF4J: See https://www.slf4j.org/codes.html#noProviders for further details.
Loading class `com.mysql.jdbc.Driver'. This is deprecated. The new driver class is `com.mysql.cj.jdbc.Driver'. The driver is automatically registered via the SPI and manual loading of the driver class is generally unnecessary.
Starting ChromeDriver 120.0.6099.71 (9729082fe6174c0a371fc66501f5efc5d69d3d2b-refs/branch-heads/6099_56@{#13}) on port 28565
Only local connections are allowed.
Please see https://chromedriver.chromium.org/security-considerations for suggestions on keeping ChromeDriver safe.
ChromeDriver was started successfully.
Dec 18, 2023 11:56:01 AM org.openqa.selenium.remote.ProtocolHandshake createSession
INFO: Detected dialect: W3C
]]></system-err>
  </testcase>
</testsuite>