<?xml version="1.0" encoding="UTF-8"?>
<testsuite name="TestSuite" time="4.499" tests="4" errors="0" skipped="3" failures="1">
  <properties>
[...]
</properties>
  <testcase name="setup" classname="com.selenium.studentportal.testCase.TC_LoginTest_00001" time="4.499">
    <failure message="session not created: This version of ChromeDriver only supports Chrome version 114&#10;Current browser version is 116.0.5845.141 with binary path C:\Program Files\Google\Chrome\Application\chrome.exe&#10;Build info: version: &apos;3.14.0&apos;, revision: &apos;aacccce0&apos;, time: &apos;2018-08-02T20:19:58.91Z&apos;&#10;System info: host: &apos;MUM15119CPU2027&apos;, ip: &apos;10.200.129.31&apos;, os.name: &apos;Windows 10&apos;, os.arch: &apos;amd64&apos;, os.version: &apos;10.0&apos;, java.version: &apos;1.8.0_121&apos;&#10;Driver info: driver.version: ChromeDriver&#10;remote stacktrace: Backtrace:&#10;	GetHandleVerifier [0x0046A813+48355]&#10;	(No symbol) [0x003FC4B1]&#10;	(No symbol) [0x00305358]&#10;	(No symbol) [0x003261AC]&#10;	(No symbol) [0x00321EF3]&#10;	(No symbol) [0x00320579]&#10;	(No symbol) [0x00350C55]&#10;	(No symbol) [0x0035093C]&#10;	(No symbol) [0x0034A536]&#10;	(No symbol) [0x003282DC]&#10;	(No symbol) [0x003293DD]&#10;	GetHandleVerifier [0x006CAABD+2539405]&#10;	GetHandleVerifier [0x0070A78F+2800735]&#10;	GetHandleVerifier [0x0070456C+2775612]&#10;	GetHandleVerifier [0x004F51E0+616112]&#10;	(No symbol) [0x00405F8C]&#10;	(No symbol) [0x00402328]&#10;	(No symbol) [0x0040240B]&#10;	(No symbol) [0x003F4FF7]&#10;	BaseThreadInitThunk [0x76CDFA29+25]&#10;	RtlGetAppContainerNamedObjectPath [0x76EF7A7E+286]&#10;	RtlGetAppContainerNamedObjectPath [0x76EF7A4E+238]&#10;" type="org.openqa.selenium.SessionNotCreatedException"><![CDATA[org.openqa.selenium.SessionNotCreatedException: session not created: This version of ChromeDriver only supports Chrome version 114
Current browser version is 116.0.5845.141 with binary path C:\Program Files\Google\Chrome\Application\chrome.exe
Build info: version: '3.14.0', revision: 'aacccce0', time: '2018-08-02T20:19:58.91Z'
System info: host: 'MUM15119CPU2027', ip: '10.200.129.31', os.name: 'Windows 10', os.arch: 'amd64', os.version: '10.0', java.version: '1.8.0_121'
Driver info: driver.version: ChromeDriver
remote stacktrace: Backtrace:
	GetHandleVerifier [0x0046A813+48355]
	(No symbol) [0x003FC4B1]
	(No symbol) [0x00305358]
	(No symbol) [0x003261AC]
	(No symbol) [0x00321EF3]
	(No symbol) [0x00320579]
	(No symbol) [0x00350C55]
	(No symbol) [0x0035093C]
	(No symbol) [0x0034A536]
	(No symbol) [0x003282DC]
	(No symbol) [0x003293DD]
	GetHandleVerifier [0x006CAABD+2539405]
	GetHandleVerifier [0x0070A78F+2800735]
	GetHandleVerifier [0x0070456C+2775612]
	GetHandleVerifier [0x004F51E0+616112]
	(No symbol) [0x00405F8C]
	(No symbol) [0x00402328]
	(No symbol) [0x0040240B]
	(No symbol) [0x003F4FF7]
	BaseThreadInitThunk [0x76CDFA29+25]
	RtlGetAppContainerNamedObjectPath [0x76EF7A7E+286]
	RtlGetAppContainerNamedObjectPath [0x76EF7A4E+238]

	at sun.reflect.NativeConstructorAccessorImpl.newInstance0(Native Method)
	at sun.reflect.NativeConstructorAccessorImpl.newInstance(NativeConstructorAccessorImpl.java:62)
	at sun.reflect.DelegatingConstructorAccessorImpl.newInstance(DelegatingConstructorAccessorImpl.java:45)
	at java.lang.reflect.Constructor.newInstance(Constructor.java:423)
	at org.openqa.selenium.remote.W3CHandshakeResponse.lambda$new$0(W3CHandshakeResponse.java:57)
	at org.openqa.selenium.remote.W3CHandshakeResponse.lambda$getResponseFunction$2(W3CHandshakeResponse.java:104)
	at org.openqa.selenium.remote.ProtocolHandshake.lambda$createSession$0(ProtocolHandshake.java:122)
	at java.util.stream.ReferencePipeline$3$1.accept(ReferencePipeline.java:193)
	at java.util.Spliterators$ArraySpliterator.tryAdvance(Spliterators.java:958)
	at java.util.stream.ReferencePipeline.forEachWithCancel(ReferencePipeline.java:126)
	at java.util.stream.AbstractPipeline.copyIntoWithCancel(AbstractPipeline.java:498)
	at java.util.stream.AbstractPipeline.copyInto(AbstractPipeline.java:485)
	at java.util.stream.AbstractPipeline.wrapAndCopyInto(AbstractPipeline.java:471)
	at java.util.stream.FindOps$FindOp.evaluateSequential(FindOps.java:152)
	at java.util.stream.AbstractPipeline.evaluate(AbstractPipeline.java:234)
	at java.util.stream.ReferencePipeline.findFirst(ReferencePipeline.java:464)
	at org.openqa.selenium.remote.ProtocolHandshake.createSession(ProtocolHandshake.java:125)
	at org.openqa.selenium.remote.ProtocolHandshake.createSession(ProtocolHandshake.java:73)
	at org.openqa.selenium.remote.HttpCommandExecutor.execute(HttpCommandExecutor.java:136)
	at org.openqa.selenium.remote.service.DriverCommandExecutor.execute(DriverCommandExecutor.java:83)
	at org.openqa.selenium.remote.RemoteWebDriver.execute(RemoteWebDriver.java:548)
	at org.openqa.selenium.remote.RemoteWebDriver.startSession(RemoteWebDriver.java:212)
	at org.openqa.selenium.remote.RemoteWebDriver.<init>(RemoteWebDriver.java:130)
	at org.openqa.selenium.chrome.ChromeDriver.<init>(ChromeDriver.java:181)
	at org.openqa.selenium.chrome.ChromeDriver.<init>(ChromeDriver.java:168)
	at org.openqa.selenium.chrome.ChromeDriver.<init>(ChromeDriver.java:123)
	at com.selenium.studentportal.baseClass.BasClass.setup(BasClass.java:48)
	at sun.reflect.NativeMethodAccessorImpl.invoke0(Native Method)
	at sun.reflect.NativeMethodAccessorImpl.invoke(NativeMethodAccessorImpl.java:62)
	at sun.reflect.DelegatingMethodAccessorImpl.invoke(DelegatingMethodAccessorImpl.java:43)
	at java.lang.reflect.Method.invoke(Method.java:498)
	at org.testng.internal.MethodInvocationHelper.invokeMethod(MethodInvocationHelper.java:124)
	at org.testng.internal.MethodInvocationHelper.invokeMethodConsideringTimeout(MethodInvocationHelper.java:59)
	at org.testng.internal.Invoker.invokeConfigurationMethod(Invoker.java:458)
	at org.testng.internal.Invoker.invokeConfigurations(Invoker.java:222)
	at org.testng.internal.Invoker.invokeConfigurations(Invoker.java:142)
	at org.testng.internal.TestMethodWorker.invokeBeforeClassMethods(TestMethodWorker.java:168)
	at org.testng.internal.TestMethodWorker.run(TestMethodWorker.java:105)
	at org.testng.TestRunner.privateRun(TestRunner.java:648)
	at org.testng.TestRunner.run(TestRunner.java:505)
	at org.testng.SuiteRunner.runTest(SuiteRunner.java:455)
	at org.testng.SuiteRunner.runSequentially(SuiteRunner.java:450)
	at org.testng.SuiteRunner.privateRun(SuiteRunner.java:415)
	at org.testng.SuiteRunner.run(SuiteRunner.java:364)
	at org.testng.SuiteRunnerWorker.runSuite(SuiteRunnerWorker.java:52)
	at org.testng.SuiteRunnerWorker.run(SuiteRunnerWorker.java:84)
	at org.testng.TestNG.runSuitesSequentially(TestNG.java:1208)
	at org.testng.TestNG.runSuitesLocally(TestNG.java:1137)
	at org.testng.TestNG.runSuites(TestNG.java:1049)
	at org.testng.TestNG.run(TestNG.java:1017)
	at org.apache.maven.surefire.testng.TestNGExecutor.run(TestNGExecutor.java:295)
	at org.apache.maven.surefire.testng.TestNGXmlTestSuite.execute(TestNGXmlTestSuite.java:84)
	at org.apache.maven.surefire.testng.TestNGProvider.invoke(TestNGProvider.java:90)
	at org.apache.maven.surefire.booter.ForkedBooter.invokeProviderInSameClassLoader(ForkedBooter.java:203)
	at org.apache.maven.surefire.booter.ForkedBooter.runSuitesInProcess(ForkedBooter.java:155)
	at org.apache.maven.surefire.booter.ForkedBooter.main(ForkedBooter.java:103)
]]></failure>
    <system-out><![CDATA[userName Value passed from the propert file 77777777775
]]></system-out>
    <system-err><![CDATA[Starting ChromeDriver 114.0.5735.90 (386bc09e8f4f2e025eddae123f36f6263096ae49-refs/branch-heads/5735@{#1052}) on port 4241
Only local connections are allowed.
Please see https://chromedriver.chromium.org/security-considerations for suggestions on keeping ChromeDriver safe.
ChromeDriver was started successfully.
]]></system-err>
  </testcase>
  <testcase name="loginTest" classname="com.selenium.studentportal.testCase.TC_LoginTest_00001" time="0">
    <skipped/>
  </testcase>
  <testcase name="loginTest" classname="com.selenium.studentportal.testCase.TC_LoginTest_00001" time="0">
    <skipped/>
  </testcase>
  <testcase name="tearDown" classname="com.selenium.studentportal.testCase.TC_LoginTest_00001" time="0">
    <skipped/>
  </testcase>
</testsuite>