<?xml version="1.0" encoding="UTF-8"?>
<testsuite name="TestSuite" time="21.371" tests="1" errors="0" skipped="0" failures="1">
  <properties>
[...]
</properties>
  <testcase name="studentDetailsTest" classname="com.nmims.selenium.studentportal.testCase.TC_StudenBasicInfo_00004" time="21.371">
    <failure message="no such element: Unable to locate element: {&quot;method&quot;:&quot;xpath&quot;,&quot;selector&quot;:&quot;//li[@id=&quot;ListwithToltip&quot;]//a[@href=&apos;/studentportal/home&apos;]&quot;}&#10;  (Session info: chrome=124.0.6367.119)&#10;For documentation on this error, please visit: http://seleniumhq.org/exceptions/no_such_element.html&#10;Build info: version: &apos;3.14.0&apos;, revision: &apos;aacccce0&apos;, time: &apos;2018-08-02T20:19:58.91Z&apos;&#10;System info: host: &apos;MUM16123CPU2825&apos;, ip: &apos;10.106.108.88&apos;, os.name: &apos;Windows 10&apos;, os.arch: &apos;amd64&apos;, os.version: &apos;10.0&apos;, java.version: &apos;1.8.0_121&apos;&#10;Driver info: org.openqa.selenium.chrome.ChromeDriver&#10;Capabilities {acceptInsecureCerts: false, browserName: chrome, browserVersion: 124.0.6367.119, chrome: {chromedriverVersion: 124.0.6367.155 (df4f029328b..., userDataDir: C:\Users\AMITYA~1.EXT\AppDa...}, fedcm:accounts: true, goog:chromeOptions: {debuggerAddress: localhost:54671}, javascriptEnabled: true, networkConnectionEnabled: false, pageLoadStrategy: normal, platform: WINDOWS, platformName: WINDOWS, proxy: Proxy(), setWindowRect: true, strictFileInteractability: false, timeouts: {implicit: 0, pageLoad: 300000, script: 30000}, unhandledPromptBehavior: dismiss and notify, webauthn:extension:credBlob: true, webauthn:extension:largeBlob: true, webauthn:extension:minPinLength: true, webauthn:extension:prf: true, webauthn:virtualAuthenticators: true}&#10;Session ID: e4e9da389031a6ae17b9f17bf626690d&#10;*** Element info: {Using=xpath, value=//li[@id=&quot;ListwithToltip&quot;]//a[@href=&apos;/studentportal/home&apos;]}" type="org.openqa.selenium.NoSuchElementException">org.openqa.selenium.NoSuchElementException: no such element: Unable to locate element: {"method":"xpath","selector":"//li[@id="ListwithToltip"]//a[@href='/studentportal/home']"}
  (Session info: chrome=124.0.6367.119)
For documentation on this error, please visit: http://seleniumhq.org/exceptions/no_such_element.html
Build info: version: '3.14.0', revision: 'aacccce0', time: '2018-08-02T20:19:58.91Z'
System info: host: 'MUM16123CPU2825', ip: '10.106.108.88', os.name: 'Windows 10', os.arch: 'amd64', os.version: '10.0', java.version: '1.8.0_121'
Driver info: org.openqa.selenium.chrome.ChromeDriver
Capabilities {acceptInsecureCerts: false, browserName: chrome, browserVersion: 124.0.6367.119, chrome: {chromedriverVersion: 124.0.6367.155 (df4f029328b..., userDataDir: C:\Users\AMITYA~1.EXT\AppDa...}, fedcm:accounts: true, goog:chromeOptions: {debuggerAddress: localhost:54671}, javascriptEnabled: true, networkConnectionEnabled: false, pageLoadStrategy: normal, platform: WINDOWS, platformName: WINDOWS, proxy: Proxy(), setWindowRect: true, strictFileInteractability: false, timeouts: {implicit: 0, pageLoad: 300000, script: 30000}, unhandledPromptBehavior: dismiss and notify, webauthn:extension:credBlob: true, webauthn:extension:largeBlob: true, webauthn:extension:minPinLength: true, webauthn:extension:prf: true, webauthn:virtualAuthenticators: true}
Session ID: e4e9da389031a6ae17b9f17bf626690d
*** Element info: {Using=xpath, value=//li[@id="ListwithToltip"]//a[@href='/studentportal/home']}
	at sun.reflect.NativeConstructorAccessorImpl.newInstance0(Native Method)
	at sun.reflect.NativeConstructorAccessorImpl.newInstance(NativeConstructorAccessorImpl.java:62)
	at sun.reflect.DelegatingConstructorAccessorImpl.newInstance(DelegatingConstructorAccessorImpl.java:45)
	at java.lang.reflect.Constructor.newInstance(Constructor.java:423)
	at org.openqa.selenium.remote.http.W3CHttpResponseCodec.createException(W3CHttpResponseCodec.java:187)
	at org.openqa.selenium.remote.http.W3CHttpResponseCodec.decode(W3CHttpResponseCodec.java:122)
	at org.openqa.selenium.remote.http.W3CHttpResponseCodec.decode(W3CHttpResponseCodec.java:49)
	at org.openqa.selenium.remote.HttpCommandExecutor.execute(HttpCommandExecutor.java:158)
	at org.openqa.selenium.remote.service.DriverCommandExecutor.execute(DriverCommandExecutor.java:83)
	at org.openqa.selenium.remote.RemoteWebDriver.execute(RemoteWebDriver.java:548)
	at org.openqa.selenium.remote.RemoteWebDriver.findElement(RemoteWebDriver.java:322)
	at org.openqa.selenium.remote.RemoteWebDriver.findElementByXPath(RemoteWebDriver.java:424)
	at org.openqa.selenium.By$ByXPath.findElement(By.java:353)
	at org.openqa.selenium.remote.RemoteWebDriver.findElement(RemoteWebDriver.java:314)
	at org.openqa.selenium.support.pagefactory.DefaultElementLocator.findElement(DefaultElementLocator.java:69)
	at org.openqa.selenium.support.pagefactory.internal.LocatingElementHandler.invoke(LocatingElementHandler.java:38)
	at com.sun.proxy.$Proxy19.isEnabled(Unknown Source)
	at com.nmims.selenium.studentportal.pageObject.SiderBarMenuPageObject.isDisplayDashboardIcon(SiderBarMenuPageObject.java:97)
	at com.nmims.selenium.studentportal.testutil.SideBarMenuTest.sideBarMenueIconsTest(SideBarMenuTest.java:37)
	at com.nmims.selenium.studentportal.testCase.TC_StudenBasicInfo_00004.studentDetailsTest(TC_StudenBasicInfo_00004.java:54)
</failure>
    <system-out><![CDATA[...
... TestNG 6.14.3 by Cédric Beust (cedric@beust.com)
...

 INFO [main] (BaseClass.java:102)- Size of the cookies : 1
 INFO [main] (BaseClass.java:107)- Cookie Name  cookiesession1 Cookie Value  678B2867871AF21A9FB1D22F022588E2
 INFO [main] (Login.java:22)- page header title is WELCOME TO NGASCE STUDENT ZONE
 INFO [main] (Login.java:25)- page title is Welcome to Student Portal
 INFO [main] (Login.java:30)- Login page title is match
 Inside setUserName 77122558691
 INFO [main] (LoginPageObjectMethod.java:66)- Entered the UserId
 INFO [main] (LoginPageObjectMethod.java:68)- Entered the password
 INFO [main] (LoginPageObjectMethod.java:70)- Click on the login button 
 INFO [main] (TC_StudenBasicInfo_00004.java:50)- Successful login test 
 INFO [main] (SideBarMenuTest.java:34)- Start to validate side-bar menue
]]></system-out>
    <system-err><![CDATA[SLF4J: No SLF4J providers were found.
SLF4J: Defaulting to no-operation (NOP) logger implementation
SLF4J: See https://www.slf4j.org/codes.html#noProviders for further details.
Loading class `com.mysql.jdbc.Driver'. This is deprecated. The new driver class is `com.mysql.cj.jdbc.Driver'. The driver is automatically registered via the SPI and manual loading of the driver class is generally unnecessary.
Starting ChromeDriver 124.0.6367.155 (df4f029328b2d50a2a4c02c8952b75245983a0ed-refs/branch-heads/6367@{#1097}) on port 36737
Only local connections are allowed.
Please see https://chromedriver.chromium.org/security-considerations for suggestions on keeping ChromeDriver safe.
ChromeDriver was started successfully.
May 08, 2024 4:07:47 PM org.openqa.selenium.remote.ProtocolHandshake createSession
INFO: Detected dialect: W3C
]]></system-err>
  </testcase>
</testsuite>