<?xml version="1.0" encoding="UTF-8"?>
<testng-results skipped="0" failed="0" ignored="0" total="1" passed="1">
  <reporter-output>
  </reporter-output>
  <suite name="StudentportalDashboard" duration-ms="56123" started-at="2024-04-23T05:13:30Z" finished-at="2024-04-23T05:14:26Z">
    <groups>
    </groups>
    <test name="portalApp" duration-ms="56123" started-at="2024-04-23T05:13:30Z" finished-at="2024-04-23T05:14:26Z">
      <class name="com.nmims.selenium.studentportal.TakingScreenshortAllPage.TakingScreenShortAllPages">
        <test-method status="PASS" signature="setup()[pri:0, instance:com.nmims.selenium.studentportal.TakingScreenshortAllPage.TakingScreenShortAllPages@234bef66]" name="setup" is-config="true" duration-ms="2232" started-at="2024-04-23T05:13:30Z" finished-at="2024-04-23T05:13:33Z">
          <reporter-output>
          </reporter-output>
        </test-method> <!-- setup -->
        <test-method status="PASS" signature="prtalScreenshors()[pri:0, instance:com.nmims.selenium.studentportal.TakingScreenshortAllPage.TakingScreenShortAllPages@234bef66]" name="prtalScreenshors" duration-ms="53048" started-at="2024-04-23T05:13:33Z" finished-at="2024-04-23T05:14:26Z">
          <reporter-output>
          </reporter-output>
        </test-method> <!-- prtalScreenshors -->
        <test-method status="PASS" signature="tearDown()[pri:0, instance:com.nmims.selenium.studentportal.TakingScreenshortAllPage.TakingScreenShortAllPages@234bef66]" name="tearDown" is-config="true" duration-ms="690" started-at="2024-04-23T05:14:26Z" finished-at="2024-04-23T05:14:26Z">
          <reporter-output>
          </reporter-output>
        </test-method> <!-- tearDown -->
      </class> <!-- com.nmims.selenium.studentportal.TakingScreenshortAllPage.TakingScreenShortAllPages -->
    </test> <!-- portalApp -->
  </suite> <!-- StudentportalDashboard -->
</testng-results>
