<?xml version="1.0" encoding="UTF-8"?>
<!-- Generated by org.testng.reporters.JUnitXMLReporter -->
<testsuite hostname="MUM16123CPU2825" ignored="0" name="portalApp" tests="2" failures="0" timestamp="08 May 2024 12:09:30 GMT" time="102.217" errors="0">
  <testcase name="prtalScreenshors" time="60.361" classname="com.nmims.selenium.studentportal.TakingScreenshortAllPage.TakingScreenShortAllPages"/>
  <testcase name="assignment" time="39.184" classname="com.nmims.selenium.studentportal.TakingScreenshortAllPage.TakingScreenShortAllPages"/>
</testsuite> <!-- portalApp -->
