<?xml version="1.0" encoding="UTF-8"?>
<testng-results ignored="0" total="1" passed="1" failed="0" skipped="0">
  <reporter-output>
  </reporter-output>
  <suite started-at="2023-09-26T16:20:18Z" name="StudentportalDashboard" finished-at="2023-09-26T16:21:09Z" duration-ms="51497">
    <groups>
    </groups>
    <test started-at="2023-09-26T16:20:18Z" name="portalApp" finished-at="2023-09-26T16:21:09Z" duration-ms="51497">
      <class name="com.nmims.selenium.studentportal.testCase.TC_OngoingSubject_00006">
        <test-method is-config="true" signature="setup(java.lang.String)[pri:0, instance:com.nmims.selenium.studentportal.testCase.TC_OngoingSubject_00006@20a14b55]" started-at="2023-09-26T16:20:18Z" name="setup" finished-at="2023-09-26T16:20:23Z" duration-ms="4699" status="PASS">
          <params>
            <param index="0">
              <value>
                <![CDATA[chrome]]>
              </value>
            </param>
          </params>
          <reporter-output>
          </reporter-output>
        </test-method> <!-- setup -->
        <test-method signature="ongoingSubject(java.lang.String, java.lang.String)[pri:0, instance:com.nmims.selenium.studentportal.testCase.TC_OngoingSubject_00006@20a14b55]" started-at="2023-09-26T16:20:24Z" name="ongoingSubject" data-provider="Login" finished-at="2023-09-26T16:21:09Z" duration-ms="45387" status="PASS">
          <params>
            <param index="0">
              <value>
                <![CDATA[77118915395]]>
              </value>
            </param>
            <param index="1">
              <value>
                <![CDATA[Jitu@1990]]>
              </value>
            </param>
          </params>
          <reporter-output>
          </reporter-output>
        </test-method> <!-- ongoingSubject -->
        <test-method is-config="true" signature="tearDown()[pri:0, instance:com.nmims.selenium.studentportal.testCase.TC_OngoingSubject_00006@20a14b55]" started-at="2023-09-26T16:21:09Z" name="tearDown" finished-at="2023-09-26T16:21:09Z" duration-ms="212" status="PASS">
          <reporter-output>
          </reporter-output>
        </test-method> <!-- tearDown -->
      </class> <!-- com.nmims.selenium.studentportal.testCase.TC_OngoingSubject_00006 -->
    </test> <!-- portalApp -->
  </suite> <!-- StudentportalDashboard -->
</testng-results>
